#
# There is insufficient memory for the Java Runtime Environment to continue.
# Native memory allocation (malloc) failed to allocate 299376 bytes for Chunk::new
# Possible reasons:
#   The system is out of physical RAM or swap space
#   In 32 bit mode, the process size limit was hit
# Possible solutions:
#   Reduce memory load on the system
#   Increase physical memory or swap space
#   Check if swap backing store is full
#   Use 64 bit Java on a 64 bit OS
#   Decrease Java heap size (-Xmx/-Xms)
#   Decrease number of Java threads
#   Decrease Java thread stack sizes (-Xss)
#   Set larger code cache with -XX:ReservedCodeCacheSize=
# This output file may be truncated or incomplete.
#
#  Out of Memory Error (allocation.cpp:390), pid=2524, tid=0x000000000000347c
#
# JRE version: Java(TM) SE Runtime Environment (8.0_151-b12) (build 1.8.0_151-b12)
# Java VM: Java HotSpot(TM) 64-Bit Server VM (25.151-b12 mixed mode windows-amd64 compressed oops)
# Failed to write core dump. Minidumps are not enabled by default on client versions of Windows
#

---------------  T H R E A D  ---------------

Current thread (0x00000000172ae800):  JavaThread "C2 CompilerThread1" daemon [_thread_in_native, id=13436, stack(0x0000000018dc0000,0x0000000018ec0000)]

Stack: [0x0000000018dc0000,0x0000000018ec0000]
[error occurred during error reporting (printing stack bounds), id 0xc0000005]

Native frames: (J=compiled Java code, j=interpreted, Vv=VM code, C=native code)


Current CompileTask:
C2:  29001 7176   !   4       com.sun.org.apache.xerces.internal.impl.XMLDocumentFragmentScannerImpl$FragmentContentDriver::next (2346 bytes)


---------------  P R O C E S S  ---------------

Java Threads: ( => current thread )
  0x000000001ccb0000 JavaThread "File lock request listener" [_thread_in_native, id=14776, stack(0x000000001dc00000,0x000000001dd00000)]
  0x000000001a124800 JavaThread "Stdin handler" [_thread_blocked, id=11220, stack(0x000000001b560000,0x000000001b660000)]
  0x000000001a11e800 JavaThread "Asynchronous log dispatcher for org.gradle.launcher.daemon.server.DefaultDaemonConnection@7d8c959f" [_thread_blocked, id=4820, stack(0x000000001b460000,0x000000001b560000)]
  0x000000001a10e000 JavaThread "Daemon worker" [_thread_in_Java, id=6588, stack(0x000000001b160000,0x000000001b260000)]
  0x000000001a10a800 JavaThread "Cancel handler" [_thread_blocked, id=2672, stack(0x000000001b060000,0x000000001b160000)]
  0x0000000019fcb000 JavaThread "Handler for socket connection from /127.0.0.1:7282 to /127.0.0.1:7283" [_thread_in_native, id=11808, stack(0x000000001af60000,0x000000001b060000)]
  0x0000000019fa8800 JavaThread "Daemon" [_thread_blocked, id=13348, stack(0x000000001ae60000,0x000000001af60000)]
  0x0000000019be8000 JavaThread "Incoming local TCP Connector on port 7282" [_thread_in_native, id=8264, stack(0x000000001acc0000,0x000000001adc0000)]
  0x0000000019c52000 JavaThread "pool-1-thread-1" [_thread_blocked, id=14264, stack(0x00000000199c0000,0x0000000019ac0000)]
  0x000000001870d000 JavaThread "Service Thread" daemon [_thread_blocked, id=8472, stack(0x0000000018fc0000,0x00000000190c0000)]
  0x00000000186e7800 JavaThread "C1 CompilerThread2" daemon [_thread_blocked, id=15316, stack(0x0000000018ec0000,0x0000000018fc0000)]
=>0x00000000172ae800 JavaThread "C2 CompilerThread1" daemon [_thread_in_native, id=13436, stack(0x0000000018dc0000,0x0000000018ec0000)]
  0x00000000172ac000 JavaThread "C2 CompilerThread0" daemon [_thread_in_native, id=10992, stack(0x0000000018cc0000,0x0000000018dc0000)]
  0x00000000172aa800 JavaThread "Attach Listener" daemon [_thread_blocked, id=7916, stack(0x0000000018bc0000,0x0000000018cc0000)]
  0x00000000186c8800 JavaThread "Signal Dispatcher" daemon [_thread_blocked, id=5144, stack(0x0000000018ac0000,0x0000000018bc0000)]
  0x0000000004b7d800 JavaThread "Finalizer" daemon [_thread_blocked, id=1600, stack(0x00000000184c0000,0x00000000185c0000)]
  0x0000000004b72000 JavaThread "Reference Handler" daemon [_thread_blocked, id=6840, stack(0x00000000183c0000,0x00000000184c0000)]
  0x000000000497e800 JavaThread "main" [_thread_blocked, id=1620, stack(0x0000000004980000,0x0000000004a80000)]

Other Threads:
  0x0000000017217000 VMThread [stack: 0x00000000182c0000,0x00000000183c0000] [id=12520]
  0x000000001878f000 WatcherThread [stack: 0x00000000190c0000,0x00000000191c0000] [id=1220]

VM state:not at safepoint (normal execution)

VM Mutex/Monitor currently owned by a thread: None

Heap:
 PSYoungGen      total 94720K, used 75710K [0x00000000eab00000, 0x00000000f2900000, 0x0000000100000000)
  eden space 82944K, 77% used [0x00000000eab00000,0x00000000ee977868,0x00000000efc00000)
  from space 11776K, 99% used [0x00000000efc00000,0x00000000f0778028,0x00000000f0780000)
  to   space 14848K, 0% used [0x00000000f1a80000,0x00000000f1a80000,0x00000000f2900000)
 ParOldGen       total 109056K, used 22499K [0x00000000c0000000, 0x00000000c6a80000, 0x00000000eab00000)
  object space 109056K, 20% used [0x00000000c0000000,0x00000000c15f8e98,0x00000000c6a80000)
 Metaspace       used 49674K, capacity 51138K, committed 51200K, reserved 1093632K
  class space    used 6743K, capacity 7120K, committed 7168K, reserved 1048576K

Card table byte_map: [0x0000000013f40000,0x0000000014150000] byte_map_base: 0x0000000013940000

Marking Bits: (ParMarkBitMap*) 0x0000000056e6d850
 Begin Bits: [0x00000000146b0000, 0x00000000156b0000)
 End Bits:   [0x00000000156b0000, 0x00000000166b0000)

Polling page: 0x0000000002950000

CodeCache: size=245760Kb used=24082Kb max_used=24082Kb free=221677Kb
 bounds [0x0000000004b80000, 0x0000000006320000, 0x0000000013b80000]
 total_blobs=7315 nmethods=6604 adapters=622
 compilation: enabled

Compilation events (10 events):
Event: 28.923 Thread 0x00000000186e7800 7208       3       org.gradle.model.internal.registry.RuleBindings::nodeDiscovered (36 bytes)
Event: 28.924 Thread 0x00000000186e7800 nmethod 7208 0x00000000063189d0 code [0x0000000006318be0, 0x00000000063192c8]
Event: 28.924 Thread 0x00000000186e7800 7209       3       org.gradle.model.internal.registry.ModelGraph::nodeDiscovered (45 bytes)
Event: 28.924 Thread 0x00000000186e7800 nmethod 7209 0x00000000063196d0 code [0x0000000006319880, 0x0000000006319cf8]
Event: 28.940 Thread 0x00000000186e7800 7210       3       java.util.regex.Pattern::read (33 bytes)
Event: 28.940 Thread 0x00000000186e7800 nmethod 7210 0x0000000006319e90 code [0x000000000631a000, 0x000000000631a2c8]
Event: 28.975 Thread 0x00000000186e7800 7211       3       com.google.common.cache.LocalCache$Segment::preWriteCleanup (6 bytes)
Event: 28.975 Thread 0x00000000186e7800 nmethod 7211 0x000000000631a410 code [0x000000000631a580, 0x000000000631a728]
Event: 28.975 Thread 0x00000000186e7800 7212       3       com.google.common.cache.LocalCache$Segment::postWriteCleanup (5 bytes)
Event: 28.975 Thread 0x00000000186e7800 nmethod 7212 0x000000000631a7d0 code [0x000000000631a960, 0x000000000631ae68]

GC Heap History (10 events):
Event: 15.793 GC heap before
{Heap before GC invocations=11 (full 2):
 PSYoungGen      total 66048K, used 11252K [0x00000000eab00000, 0x00000000f0680000, 0x0000000100000000)
  eden space 54784K, 0% used [0x00000000eab00000,0x00000000eab00000,0x00000000ee080000)
  from space 11264K, 99% used [0x00000000ee080000,0x00000000eeb7d3c0,0x00000000eeb80000)
  to   space 12288K, 0% used [0x00000000efa80000,0x00000000efa80000,0x00000000f0680000)
 ParOldGen       total 72192K, used 11454K [0x00000000c0000000, 0x00000000c4680000, 0x00000000eab00000)
  object space 72192K, 15% used [0x00000000c0000000,0x00000000c0b2f980,0x00000000c4680000)
 Metaspace       used 34807K, capacity 35306K, committed 35496K, reserved 1079296K
  class space    used 4716K, capacity 4840K, committed 4864K, reserved 1048576K
Event: 15.929 GC heap after
Heap after GC invocations=11 (full 2):
 PSYoungGen      total 66048K, used 0K [0x00000000eab00000, 0x00000000f0680000, 0x0000000100000000)
  eden space 54784K, 0% used [0x00000000eab00000,0x00000000eab00000,0x00000000ee080000)
  from space 11264K, 0% used [0x00000000ee080000,0x00000000ee080000,0x00000000eeb80000)
  to   space 12288K, 0% used [0x00000000efa80000,0x00000000efa80000,0x00000000f0680000)
 ParOldGen       total 109056K, used 18362K [0x00000000c0000000, 0x00000000c6a80000, 0x00000000eab00000)
  object space 109056K, 16% used [0x00000000c0000000,0x00000000c11eea98,0x00000000c6a80000)
 Metaspace       used 34807K, capacity 35306K, committed 35496K, reserved 1079296K
  class space    used 4716K, capacity 4840K, committed 4864K, reserved 1048576K
}
Event: 18.102 GC heap before
{Heap before GC invocations=12 (full 2):
 PSYoungGen      total 66048K, used 54784K [0x00000000eab00000, 0x00000000f0680000, 0x0000000100000000)
  eden space 54784K, 100% used [0x00000000eab00000,0x00000000ee080000,0x00000000ee080000)
  from space 11264K, 0% used [0x00000000ee080000,0x00000000ee080000,0x00000000eeb80000)
  to   space 12288K, 0% used [0x00000000efa80000,0x00000000efa80000,0x00000000f0680000)
 ParOldGen       total 109056K, used 18362K [0x00000000c0000000, 0x00000000c6a80000, 0x00000000eab00000)
  object space 109056K, 16% used [0x00000000c0000000,0x00000000c11eea98,0x00000000c6a80000)
 Metaspace       used 40860K, capacity 41608K, committed 41984K, reserved 1085440K
  class space    used 5542K, capacity 5780K, committed 5888K, reserved 1048576K
Event: 18.112 GC heap after
Heap after GC invocations=12 (full 2):
 PSYoungGen      total 80384K, used 5143K [0x00000000eab00000, 0x00000000f0600000, 0x0000000100000000)
  eden space 68608K, 0% used [0x00000000eab00000,0x00000000eab00000,0x00000000eee00000)
  from space 11776K, 43% used [0x00000000efa80000,0x00000000eff85e40,0x00000000f0600000)
  to   space 12288K, 0% used [0x00000000eee00000,0x00000000eee00000,0x00000000efa00000)
 ParOldGen       total 109056K, used 18370K [0x00000000c0000000, 0x00000000c6a80000, 0x00000000eab00000)
  object space 109056K, 16% used [0x00000000c0000000,0x00000000c11f0a98,0x00000000c6a80000)
 Metaspace       used 40860K, capacity 41608K, committed 41984K, reserved 1085440K
  class space    used 5542K, capacity 5780K, committed 5888K, reserved 1048576K
}
Event: 19.824 GC heap before
{Heap before GC invocations=13 (full 2):
 PSYoungGen      total 80384K, used 73751K [0x00000000eab00000, 0x00000000f0600000, 0x0000000100000000)
  eden space 68608K, 100% used [0x00000000eab00000,0x00000000eee00000,0x00000000eee00000)
  from space 11776K, 43% used [0x00000000efa80000,0x00000000eff85e40,0x00000000f0600000)
  to   space 12288K, 0% used [0x00000000eee00000,0x00000000eee00000,0x00000000efa00000)
 ParOldGen       total 109056K, used 18370K [0x00000000c0000000, 0x00000000c6a80000, 0x00000000eab00000)
  object space 109056K, 16% used [0x00000000c0000000,0x00000000c11f0a98,0x00000000c6a80000)
 Metaspace       used 42569K, capacity 43254K, committed 43392K, reserved 1087488K
  class space    used 5760K, capacity 5987K, committed 6016K, reserved 1048576K
Event: 19.833 GC heap after
Heap after GC invocations=13 (full 2):
 PSYoungGen      total 80896K, used 6527K [0x00000000eab00000, 0x00000000f1400000, 0x0000000100000000)
  eden space 68608K, 0% used [0x00000000eab00000,0x00000000eab00000,0x00000000eee00000)
  from space 12288K, 53% used [0x00000000eee00000,0x00000000ef45fcd8,0x00000000efa00000)
  to   space 11776K, 0% used [0x00000000f0880000,0x00000000f0880000,0x00000000f1400000)
 ParOldGen       total 109056K, used 18442K [0x00000000c0000000, 0x00000000c6a80000, 0x00000000eab00000)
  object space 109056K, 16% used [0x00000000c0000000,0x00000000c1202aa8,0x00000000c6a80000)
 Metaspace       used 42569K, capacity 43254K, committed 43392K, reserved 1087488K
  class space    used 5760K, capacity 5987K, committed 6016K, reserved 1048576K
}
Event: 22.565 GC heap before
{Heap before GC invocations=14 (full 2):
 PSYoungGen      total 80896K, used 75135K [0x00000000eab00000, 0x00000000f1400000, 0x0000000100000000)
  eden space 68608K, 100% used [0x00000000eab00000,0x00000000eee00000,0x00000000eee00000)
  from space 12288K, 53% used [0x00000000eee00000,0x00000000ef45fcd8,0x00000000efa00000)
  to   space 11776K, 0% used [0x00000000f0880000,0x00000000f0880000,0x00000000f1400000)
 ParOldGen       total 109056K, used 18442K [0x00000000c0000000, 0x00000000c6a80000, 0x00000000eab00000)
  object space 109056K, 16% used [0x00000000c0000000,0x00000000c1202aa8,0x00000000c6a80000)
 Metaspace       used 46241K, capacity 47270K, committed 47616K, reserved 1089536K
  class space    used 6283K, capacity 6547K, committed 6656K, reserved 1048576K
Event: 22.583 GC heap after
Heap after GC invocations=14 (full 2):
 PSYoungGen      total 93696K, used 8559K [0x00000000eab00000, 0x00000000f1300000, 0x0000000100000000)
  eden space 82944K, 0% used [0x00000000eab00000,0x00000000eab00000,0x00000000efc00000)
  from space 10752K, 79% used [0x00000000f0880000,0x00000000f10dbc08,0x00000000f1300000)
  to   space 11776K, 0% used [0x00000000efc00000,0x00000000efc00000,0x00000000f0780000)
 ParOldGen       total 109056K, used 18450K [0x00000000c0000000, 0x00000000c6a80000, 0x00000000eab00000)
  object space 109056K, 16% used [0x00000000c0000000,0x00000000c1204aa8,0x00000000c6a80000)
 Metaspace       used 46241K, capacity 47270K, committed 47616K, reserved 1089536K
  class space    used 6283K, capacity 6547K, committed 6656K, reserved 1048576K
}
Event: 26.448 GC heap before
{Heap before GC invocations=15 (full 2):
 PSYoungGen      total 93696K, used 91503K [0x00000000eab00000, 0x00000000f1300000, 0x0000000100000000)
  eden space 82944K, 100% used [0x00000000eab00000,0x00000000efc00000,0x00000000efc00000)
  from space 10752K, 79% used [0x00000000f0880000,0x00000000f10dbc08,0x00000000f1300000)
  to   space 11776K, 0% used [0x00000000efc00000,0x00000000efc00000,0x00000000f0780000)
 ParOldGen       total 109056K, used 18450K [0x00000000c0000000, 0x00000000c6a80000, 0x00000000eab00000)
  object space 109056K, 16% used [0x00000000c0000000,0x00000000c1204aa8,0x00000000c6a80000)
 Metaspace       used 48397K, capacity 49678K, committed 49920K, reserved 1091584K
  class space    used 6579K, capacity 6885K, committed 6912K, reserved 1048576K
Event: 26.476 GC heap after
Heap after GC invocations=15 (full 2):
 PSYoungGen      total 94720K, used 11744K [0x00000000eab00000, 0x00000000f2900000, 0x0000000100000000)
  eden space 82944K, 0% used [0x00000000eab00000,0x00000000eab00000,0x00000000efc00000)
  from space 11776K, 99% used [0x00000000efc00000,0x00000000f0778028,0x00000000f0780000)
  to   space 14848K, 0% used [0x00000000f1a80000,0x00000000f1a80000,0x00000000f2900000)
 ParOldGen       total 109056K, used 22499K [0x00000000c0000000, 0x00000000c6a80000, 0x00000000eab00000)
  object space 109056K, 20% used [0x00000000c0000000,0x00000000c15f8e98,0x00000000c6a80000)
 Metaspace       used 48397K, capacity 49678K, committed 49920K, reserved 1091584K
  class space    used 6579K, capacity 6885K, committed 6912K, reserved 1048576K
}

Deoptimization events (10 events):
Event: 24.765 Thread 0x000000001a10e000 Uncommon trap: reason=class_check action=maybe_recompile pc=0x00000000057ce020 method=org.gradle.model.internal.type.ModelType.wrap(Ljava/lang/reflect/Type;)Lorg/gradle/model/internal/type/TypeWrapper; @ 83
Event: 25.097 Thread 0x000000001a11e800 Uncommon trap: reason=unstable_if action=reinterpret pc=0x00000000055b1864 method=com.esotericsoftware.kryo.io.Output.writeUtf8Length(I)V @ 4
Event: 27.773 Thread 0x000000001a10e000 Uncommon trap: reason=unstable_if action=reinterpret pc=0x00000000060737bc method=groovy.lang.MetaClassImpl$1MOPIter.methodNameAction(Ljava/lang/Class;Lorg/codehaus/groovy/runtime/metaclass/MetaMethodIndex$Entry;)V @ 354
Event: 27.774 Thread 0x000000001a10e000 Uncommon trap: reason=predicate action=maybe_recompile pc=0x0000000005fa5bac method=java.util.Arrays.binarySearch0([Ljava/lang/Object;IILjava/lang/Object;Ljava/util/Comparator;)I @ 28
Event: 27.774 Thread 0x000000001a10e000 Uncommon trap: reason=predicate action=maybe_recompile pc=0x0000000005d2f6a4 method=java.util.Arrays.binarySearch0([Ljava/lang/Object;IILjava/lang/Object;Ljava/util/Comparator;)I @ 28
Event: 28.155 Thread 0x000000001a10e000 Uncommon trap: reason=unstable_if action=reinterpret pc=0x0000000005b3fa18 method=java.lang.ClassLoader.checkCerts(Ljava/lang/String;Ljava/security/CodeSource;)V @ 29
Event: 28.881 Thread 0x000000001a10e000 Uncommon trap: reason=unstable_if action=reinterpret pc=0x0000000005990bec method=com.sun.org.apache.xerces.internal.impl.XMLEntityScanner.peekChar()I @ 51
Event: 28.881 Thread 0x000000001a10e000 Uncommon trap: reason=unstable_if action=reinterpret pc=0x000000000592d164 method=com.sun.org.apache.xerces.internal.impl.XMLEntityScanner.scanContent(Lcom/sun/org/apache/xerces/internal/xni/XMLString;)I @ 127
Event: 28.881 Thread 0x000000001a10e000 Uncommon trap: reason=unstable_if action=reinterpret pc=0x0000000005a4c088 method=com.sun.org.apache.xerces.internal.impl.XMLEntityScanner.skipSpaces()Z @ 85
Event: 28.885 Thread 0x000000001a10e000 Uncommon trap: reason=unstable_if action=reinterpret pc=0x00000000059d9538 method=com.sun.org.apache.xerces.internal.impl.XMLEntityScanner.scanLiteral(ILcom/sun/org/apache/xerces/internal/xni/XMLString;Z)I @ 44

Internal exceptions (10 events):
Event: 28.324 Thread 0x000000001a10e000 Exception <a 'java/lang/ClassNotFoundException': org/gradle/api/tasks/ExecCustomizer> (0x00000000ee0132e0) thrown at [C:\re\workspace\8-2-build-windows-amd64-cygwin\jdk8u151\9699\hotspot\src\share\vm\classfile\systemDictionary.cpp, line 210]
Event: 28.326 Thread 0x000000001a10e000 Exception <a 'java/lang/ClassNotFoundException': org/gradle/api/tasks/Exec_DecoratedCustomizer> (0x00000000ee034968) thrown at [C:\re\workspace\8-2-build-windows-amd64-cygwin\jdk8u151\9699\hotspot\src\share\vm\classfile\systemDictionary.cpp, line 210]
Event: 28.339 Thread 0x000000001a10e000 Exception <a 'java/lang/ClassNotFoundException': react_cr7frfxotnvheffd3cscazumi$_run_closure1$_closure4$_closure5BeanInfo> (0x00000000ee0ccdd8) thrown at [C:\re\workspace\8-2-build-windows-amd64-cygwin\jdk8u151\9699\hotspot\src\share\vm\classfile\systemD
Event: 28.340 Thread 0x000000001a10e000 Exception <a 'java/lang/ClassNotFoundException': react_cr7frfxotnvheffd3cscazumi$_run_closure1$_closure4$_closure5Customizer> (0x00000000ee0daf08) thrown at [C:\re\workspace\8-2-build-windows-amd64-cygwin\jdk8u151\9699\hotspot\src\share\vm\classfile\syste
Event: 28.364 Thread 0x000000001a10e000 Exception <a 'java/lang/ClassNotFoundException': org/gradle/api/internal/tasks/DefaultTaskInputsBeanInfo> (0x00000000ee11fb08) thrown at [C:\re\workspace\8-2-build-windows-amd64-cygwin\jdk8u151\9699\hotspot\src\share\vm\classfile\systemDictionary.cpp, lin
Event: 28.365 Thread 0x000000001a10e000 Exception <a 'java/lang/ClassNotFoundException': org/gradle/api/internal/tasks/DefaultTaskInputsCustomizer> (0x00000000ee130210) thrown at [C:\re\workspace\8-2-build-windows-amd64-cygwin\jdk8u151\9699\hotspot\src\share\vm\classfile\systemDictionary.cpp, l
Event: 28.373 Thread 0x000000001a10e000 Exception <a 'java/lang/ClassNotFoundException': org/gradle/api/internal/tasks/DefaultTaskOutputsBeanInfo> (0x00000000ee16f410) thrown at [C:\re\workspace\8-2-build-windows-amd64-cygwin\jdk8u151\9699\hotspot\src\share\vm\classfile\systemDictionary.cpp, li
Event: 28.375 Thread 0x000000001a10e000 Exception <a 'java/lang/ClassNotFoundException': org/gradle/api/internal/tasks/DefaultTaskOutputsCustomizer> (0x00000000ee181440) thrown at [C:\re\workspace\8-2-build-windows-amd64-cygwin\jdk8u151\9699\hotspot\src\share\vm\classfile\systemDictionary.cpp, 
Event: 28.386 Thread 0x000000001a10e000 Exception <a 'java/lang/ClassNotFoundException': org/apache/tools/ant/taskdefs/condition/OsBeanInfo> (0x00000000ee1be1c8) thrown at [C:\re\workspace\8-2-build-windows-amd64-cygwin\jdk8u151\9699\hotspot\src\share\vm\classfile\systemDictionary.cpp, line 210
Event: 28.387 Thread 0x000000001a10e000 Exception <a 'java/lang/ClassNotFoundException': org/apache/tools/ant/taskdefs/condition/OsCustomizer> (0x00000000ee1c8350) thrown at [C:\re\workspace\8-2-build-windows-amd64-cygwin\jdk8u151\9699\hotspot\src\share\vm\classfile\systemDictionary.cpp, line 2

Events (10 events):
Event: 28.990 loading class org/gradle/api/internal/changedetection/state/MinimalFileSetSnapshotter
Event: 28.990 loading class org/gradle/api/internal/changedetection/state/MinimalFileSetSnapshotter done
Event: 28.991 loading class org/gradle/api/internal/changedetection/state/OutputFilesCollectionSnapshotter
Event: 28.991 loading class org/gradle/api/internal/changedetection/state/OutputFilesCollectionSnapshotter done
Event: 28.992 loading class org/gradle/api/internal/changedetection/state/FileCollectionSnapshotImpl
Event: 28.992 loading class org/gradle/api/internal/changedetection/state/FileCollectionSnapshotImpl done
Event: 28.993 loading class org/gradle/api/internal/changedetection/state/DefaultFileSnapshotterSerializer
Event: 28.993 loading class org/gradle/api/internal/changedetection/state/DefaultFileSnapshotterSerializer done
Event: 28.994 loading class org/gradle/api/internal/changedetection/state/OutputFilesCollectionSnapshotter$OutputFilesSnapshot
Event: 28.994 loading class org/gradle/api/internal/changedetection/state/OutputFilesCollectionSnapshotter$OutputFilesSnapshot done


Dynamic libraries:
0x00007ff743fa0000 - 0x00007ff743fd7000 	C:\Program Files\Java\jdk1.8.0_151\bin\java.exe
0x00007ffad3ab0000 - 0x00007ffad3c90000 	C:\WINDOWS\SYSTEM32\ntdll.dll
0x00007ffad28b0000 - 0x00007ffad295e000 	C:\WINDOWS\System32\KERNEL32.DLL
0x00007ffad0d10000 - 0x00007ffad0f76000 	C:\WINDOWS\System32\KERNELBASE.dll
0x00007ffad2d00000 - 0x00007ffad2da1000 	C:\WINDOWS\System32\ADVAPI32.dll
0x00007ffad1060000 - 0x00007ffad10fd000 	C:\WINDOWS\System32\msvcrt.dll
0x00007ffad2f90000 - 0x00007ffad2feb000 	C:\WINDOWS\System32\sechost.dll
0x00007ffad3960000 - 0x00007ffad3a7f000 	C:\WINDOWS\System32\RPCRT4.dll
0x00007ffad2a00000 - 0x00007ffad2b8f000 	C:\WINDOWS\System32\USER32.dll
0x00007ffad0ca0000 - 0x00007ffad0cc0000 	C:\WINDOWS\System32\win32u.dll
0x00007ffad3010000 - 0x00007ffad3038000 	C:\WINDOWS\System32\GDI32.dll
0x00007ffad06b0000 - 0x00007ffad0843000 	C:\WINDOWS\System32\gdi32full.dll
0x00007ffad0930000 - 0x00007ffad09cb000 	C:\WINDOWS\System32\msvcp_win.dll
0x00007ffad0ba0000 - 0x00007ffad0c96000 	C:\WINDOWS\System32\ucrtbase.dll
0x00007ffac4c00000 - 0x00007ffac4e69000 	C:\WINDOWS\WinSxS\amd64_microsoft.windows.common-controls_6595b64144ccf1df_6.0.16299.309_none_15cfd4c4935e6b11\COMCTL32.dll
0x00007ffad25a0000 - 0x00007ffad28a8000 	C:\WINDOWS\System32\combase.dll
0x00007ffad0850000 - 0x00007ffad08c2000 	C:\WINDOWS\System32\bcryptPrimitives.dll
0x00007ffad29d0000 - 0x00007ffad29fd000 	C:\WINDOWS\System32\IMM32.DLL
0x0000000056ef0000 - 0x0000000056fc2000 	C:\Program Files\Java\jdk1.8.0_151\jre\bin\msvcr100.dll
0x0000000056650000 - 0x0000000056eed000 	C:\Program Files\Java\jdk1.8.0_151\jre\bin\server\jvm.dll
0x00007ffad31f0000 - 0x00007ffad31f8000 	C:\WINDOWS\System32\PSAPI.DLL
0x00007ffabea10000 - 0x00007ffabea19000 	C:\WINDOWS\SYSTEM32\WSOCK32.dll
0x00007ffad2960000 - 0x00007ffad29cc000 	C:\WINDOWS\System32\WS2_32.dll
0x00007fface0b0000 - 0x00007fface0d3000 	C:\WINDOWS\SYSTEM32\WINMM.dll
0x00007ffac8990000 - 0x00007ffac899a000 	C:\WINDOWS\SYSTEM32\VERSION.dll
0x00007fface050000 - 0x00007fface07a000 	C:\WINDOWS\SYSTEM32\WINMMBASE.dll
0x00007ffad0cc0000 - 0x00007ffad0d0a000 	C:\WINDOWS\System32\cfgmgr32.dll
0x0000000056640000 - 0x000000005664f000 	C:\Program Files\Java\jdk1.8.0_151\jre\bin\verify.dll
0x0000000056610000 - 0x0000000056639000 	C:\Program Files\Java\jdk1.8.0_151\jre\bin\java.dll
0x00000000565f0000 - 0x0000000056606000 	C:\Program Files\Java\jdk1.8.0_151\jre\bin\zip.dll
0x00007ffad1100000 - 0x00007ffad2536000 	C:\WINDOWS\System32\SHELL32.dll
0x00007ffad38b0000 - 0x00007ffad3956000 	C:\WINDOWS\System32\shcore.dll
0x00007ffacff60000 - 0x00007ffad06a7000 	C:\WINDOWS\System32\windows.storage.dll
0x00007ffad2540000 - 0x00007ffad2591000 	C:\WINDOWS\System32\shlwapi.dll
0x00007ffacfe70000 - 0x00007ffacfe81000 	C:\WINDOWS\System32\kernel.appcore.dll
0x00007ffacfe00000 - 0x00007ffacfe4c000 	C:\WINDOWS\System32\powrprof.dll
0x00007ffacfe50000 - 0x00007ffacfe6b000 	C:\WINDOWS\System32\profapi.dll
0x00000000565d0000 - 0x00000000565ea000 	C:\Program Files\Java\jdk1.8.0_151\jre\bin\net.dll
0x00007ffacf600000 - 0x00007ffacf666000 	C:\WINDOWS\system32\mswsock.dll
0x00000000565b0000 - 0x00000000565c1000 	C:\Program Files\Java\jdk1.8.0_151\jre\bin\nio.dll
0x00007ffac65a0000 - 0x00007ffac65b2000 	C:\Users\Administrator\.gradle\native\19\windows-amd64\native-platform.dll
0x00007ffacf7c0000 - 0x00007ffacf7d7000 	C:\WINDOWS\SYSTEM32\CRYPTSP.dll
0x00007ffacf200000 - 0x00007ffacf233000 	C:\WINDOWS\system32\rsaenh.dll
0x00007ffacf8d0000 - 0x00007ffacf8f5000 	C:\WINDOWS\SYSTEM32\bcrypt.dll
0x00007ffacfd30000 - 0x00007ffacfd59000 	C:\WINDOWS\SYSTEM32\USERENV.dll
0x00007ffacf7e0000 - 0x00007ffacf7eb000 	C:\WINDOWS\SYSTEM32\CRYPTBASE.dll
0x00007ffacf390000 - 0x00007ffacf3c9000 	C:\WINDOWS\SYSTEM32\IPHLPAPI.DLL
0x00007ffad0f80000 - 0x00007ffad0f88000 	C:\WINDOWS\System32\NSI.dll
0x00007ffac8970000 - 0x00007ffac8986000 	C:\WINDOWS\SYSTEM32\dhcpcsvc6.DLL
0x00007ffac8a30000 - 0x00007ffac8a4a000 	C:\WINDOWS\SYSTEM32\dhcpcsvc.DLL
0x00000000565a0000 - 0x00000000565ad000 	C:\Program Files\Java\jdk1.8.0_151\jre\bin\management.dll

VM Arguments:
jvm_args: -XX:MaxPermSize=256m -XX:+HeapDumpOnOutOfMemoryError -Xmx1024m -Dfile.encoding=GBK -Duser.country=CN -Duser.language=zh -Duser.variant 
java_command: org.gradle.launcher.daemon.bootstrap.GradleDaemon 2.14.1
java_class_path (initial): C:\Users\Administrator\.gradle\wrapper\dists\gradle-2.14.1-all\8bnwg5hd3w55iofp58khbp6yv\gradle-2.14.1\lib\gradle-launcher-2.14.1.jar
Launcher Type: SUN_STANDARD

Environment Variables:
CLASSPATH=E:\code\ReactNative\PeanutCity\PeanutCity\android\\gradle\wrapper\gradle-wrapper.jar
PATH=C:\Ruby24-x64\bin;C:\ProgramData\Oracle\Java\javapath;C:\windows\system32;C:\windows;C:\windows\System32\Wbem;C:\windows\System32\WindowsPowerShell\v1.0\;C:\Program Files (x86)\NVIDIA Corporation\PhysX\Common;C:\Users\Administrator\AppData\Local\Android\sdk\platform-tools;C:\Users\Administrator\AppData\Local\Android\sdk\tools;C:\WINDOWS\system32;C:\WINDOWS;C:\WINDOWS\System32\Wbem;C:\WINDOWS\System32\WindowsPowerShell\v1.0\;C:\Program Files (x86)\Yarn\bin;C:\Program Files\Git\cmd;C:\Program Files\nodejs\;C:\Users\Administrator\AppData\Local\Android\sdk1\tools;C:\Users\Administrator\AppData\Local\Android\sdk1\platform-tools;"C:\Program Files\Java\jdk1.8.0_162\bin;";C:\Users\Administrator\AppData\Roaming\npm;C:\Users\Administrator\AppData\Local\Programs\EmEditor
USERNAME=Administrator
OS=Windows_NT
PROCESSOR_IDENTIFIER=Intel64 Family 6 Model 58 Stepping 9, GenuineIntel



---------------  S Y S T E M  ---------------

OS: Windows 10.0 , 64 bit Build 16299 (10.0.16299.15)

CPU:total 4 (initial active 4) (2 cores per cpu, 2 threads per core) family 6 model 58 stepping 9, cmov, cx8, fxsr, mmx, sse, sse2, sse3, ssse3, sse4.1, sse4.2, popcnt, avx, aes, clmul, erms, ht, tsc, tscinvbit, tscinv

Memory: 4k page, physical 8271252k(1678896k free), swap 13448596k(3192k free)

vm_info: Java HotSpot(TM) 64-Bit Server VM (25.151-b12) for windows-amd64 JRE (1.8.0_151-b12), built on Sep  5 2017 19:33:46 by "java_re" with MS VC++ 10.0 (VS2010)

time: Mon Apr 09 19:52:33 2018
elapsed time: 29 seconds (0d 0h 0m 29s)

