#
# There is insufficient memory for the Java Runtime Environment to continue.
# Native memory allocation (malloc) failed to allocate 907696 bytes for Chunk::new
# Possible reasons:
#   The system is out of physical RAM or swap space
#   In 32 bit mode, the process size limit was hit
# Possible solutions:
#   Reduce memory load on the system
#   Increase physical memory or swap space
#   Check if swap backing store is full
#   Use 64 bit Java on a 64 bit OS
#   Decrease Java heap size (-Xmx/-Xms)
#   Decrease number of Java threads
#   Decrease Java thread stack sizes (-Xss)
#   Set larger code cache with -XX:ReservedCodeCacheSize=
# This output file may be truncated or incomplete.
#
#  Out of Memory Error (allocation.cpp:390), pid=10980, tid=0x00000000000032a0
#
# JRE version: Java(TM) SE Runtime Environment (8.0_151-b12) (build 1.8.0_151-b12)
# Java VM: Java HotSpot(TM) 64-Bit Server VM (25.151-b12 mixed mode windows-amd64 compressed oops)
# Failed to write core dump. Minidumps are not enabled by default on client versions of Windows
#

---------------  T H R E A D  ---------------

Current thread (0x0000000016fcb000):  JavaThread "C2 CompilerThread1" daemon [_thread_in_native, id=12960, stack(0x0000000018ac0000,0x0000000018bc0000)]

Stack: [0x0000000018ac0000,0x0000000018bc0000]
[error occurred during error reporting (printing stack bounds), id 0xc0000005]

Native frames: (J=compiled Java code, j=interpreted, Vv=VM code, C=native code)


Current CompileTask:
C2:   5920 1452       4       com.android.dx.ssa.SCCP::addUsersToWorklist (103 bytes)


---------------  P R O C E S S  ---------------

Java Threads: ( => current thread )
  0x000000001863d800 JavaThread "pool-1-thread-4" [_thread_blocked, id=12012, stack(0x00000000192c0000,0x00000000193c0000)]
  0x000000001863d000 JavaThread "pool-1-thread-3" [_thread_blocked, id=11408, stack(0x00000000191c0000,0x00000000192c0000)]
  0x000000001863c000 JavaThread "pool-1-thread-2" [_thread_blocked, id=2512, stack(0x00000000190c0000,0x00000000191c0000)]
  0x000000001862e000 JavaThread "pool-2-thread-1" [_thread_blocked, id=4636, stack(0x0000000018fc0000,0x00000000190c0000)]
  0x0000000018633800 JavaThread "pool-1-thread-1" [_thread_blocked, id=13088, stack(0x0000000018ec0000,0x0000000018fc0000)]
  0x000000001841b000 JavaThread "Service Thread" daemon [_thread_blocked, id=5016, stack(0x0000000018cc0000,0x0000000018dc0000)]
  0x0000000016fce000 JavaThread "C1 CompilerThread2" daemon [_thread_blocked, id=11096, stack(0x0000000018bc0000,0x0000000018cc0000)]
=>0x0000000016fcb000 JavaThread "C2 CompilerThread1" daemon [_thread_in_native, id=12960, stack(0x0000000018ac0000,0x0000000018bc0000)]
  0x0000000016fc2800 JavaThread "C2 CompilerThread0" daemon [_thread_in_native, id=3748, stack(0x00000000189c0000,0x0000000018ac0000)]
  0x0000000016fc1800 JavaThread "Attach Listener" daemon [_thread_blocked, id=3492, stack(0x00000000188c0000,0x00000000189c0000)]
  0x00000000183d0800 JavaThread "Signal Dispatcher" daemon [_thread_blocked, id=2392, stack(0x00000000187c0000,0x00000000188c0000)]
  0x0000000016f5a000 JavaThread "Finalizer" daemon [_thread_blocked, id=6992, stack(0x00000000181c0000,0x00000000182c0000)]
  0x0000000016f39000 JavaThread "Reference Handler" daemon [_thread_blocked, id=3832, stack(0x00000000180c0000,0x00000000181c0000)]
  0x000000000489e000 JavaThread "main" [_thread_in_Java, id=12272, stack(0x0000000004230000,0x0000000004330000)]

Other Threads:
  0x0000000016f37000 VMThread [stack: 0x0000000017fc0000,0x00000000180c0000] [id=3476]
  0x0000000018433800 WatcherThread [stack: 0x0000000018dc0000,0x0000000018ec0000] [id=5576]

VM state:not at safepoint (normal execution)

VM Mutex/Monitor currently owned by a thread: None

Heap:
 PSYoungGen      total 38400K, used 9862K [0x00000000eab00000, 0x00000000ed580000, 0x0000000100000000)
  eden space 33280K, 14% used [0x00000000eab00000,0x00000000eafa3b88,0x00000000ecb80000)
  from space 5120K, 99% used [0x00000000ecb80000,0x00000000ed07e058,0x00000000ed080000)
  to   space 5120K, 0% used [0x00000000ed080000,0x00000000ed080000,0x00000000ed580000)
 ParOldGen       total 87552K, used 12156K [0x00000000c0000000, 0x00000000c5580000, 0x00000000eab00000)
  object space 87552K, 13% used [0x00000000c0000000,0x00000000c0bdf3d8,0x00000000c5580000)
 Metaspace       used 6133K, capacity 7028K, committed 7296K, reserved 1056768K
  class space    used 593K, capacity 620K, committed 640K, reserved 1048576K

Card table byte_map: [0x0000000013c60000,0x0000000013e70000] byte_map_base: 0x0000000013660000

Marking Bits: (ParMarkBitMap*) 0x00000000776dd850
 Begin Bits: [0x00000000143d0000, 0x00000000153d0000)
 End Bits:   [0x00000000153d0000, 0x00000000163d0000)

Polling page: 0x00000000003f0000

CodeCache: size=245760Kb used=6367Kb max_used=6367Kb free=239392Kb
 bounds [0x00000000048a0000, 0x0000000004ee0000, 0x00000000138a0000]
 total_blobs=1747 nmethods=1483 adapters=177
 compilation: enabled

Compilation events (10 events):
Event: 5.780 Thread 0x0000000016fce000 1543       2       com.android.dx.dex.code.RopTranslator$TranslationVisitor::visitThrowingInsn (118 bytes)
Event: 5.782 Thread 0x0000000016fce000 nmethod 1543 0x0000000004edae10 code [0x0000000004edb060, 0x0000000004edb7c8]
Event: 5.849 Thread 0x0000000016fce000 1545       2       com.android.dx.ssa.BasicRegisterMapper::oldToNew (22 bytes)
Event: 5.850 Thread 0x0000000016fce000 nmethod 1545 0x0000000004eb75d0 code [0x0000000004eb7740, 0x0000000004eb78c8]
Event: 5.852 Thread 0x0000000016fce000 1546       2       com.android.dx.rop.type.StdTypeList::withAddedType (55 bytes)
Event: 5.853 Thread 0x0000000016fce000 nmethod 1546 0x0000000004ed9650 code [0x0000000004ed9880, 0x0000000004eda178]
Event: 5.865 Thread 0x0000000016fce000 1547       2       com.android.dx.rop.code.ThrowingCstInsn::withAddedCatch (34 bytes)
Event: 5.865 Thread 0x0000000016fce000 nmethod 1547 0x0000000004eb70d0 code [0x0000000004eb7240, 0x0000000004eb7478]
Event: 5.865 Thread 0x0000000016fce000 1548       2       com.android.dx.rop.code.Rops::opGetStatic (97 bytes)
Event: 5.866 Thread 0x0000000016fce000 nmethod 1548 0x0000000004ed8c10 code [0x0000000004ed8de0, 0x0000000004ed9358]

GC Heap History (6 events):
Event: 4.064 GC heap before
{Heap before GC invocations=1 (full 0):
 PSYoungGen      total 38400K, used 33280K [0x00000000eab00000, 0x00000000ed580000, 0x0000000100000000)
  eden space 33280K, 100% used [0x00000000eab00000,0x00000000ecb80000,0x00000000ecb80000)
  from space 5120K, 0% used [0x00000000ed080000,0x00000000ed080000,0x00000000ed580000)
  to   space 5120K, 0% used [0x00000000ecb80000,0x00000000ecb80000,0x00000000ed080000)
 ParOldGen       total 87552K, used 0K [0x00000000c0000000, 0x00000000c5580000, 0x00000000eab00000)
  object space 87552K, 0% used [0x00000000c0000000,0x00000000c0000000,0x00000000c5580000)
 Metaspace       used 5997K, capacity 6900K, committed 7040K, reserved 1056768K
  class space    used 593K, capacity 620K, committed 640K, reserved 1048576K
Event: 4.077 GC heap after
Heap after GC invocations=1 (full 0):
 PSYoungGen      total 38400K, used 5119K [0x00000000eab00000, 0x00000000ed580000, 0x0000000100000000)
  eden space 33280K, 0% used [0x00000000eab00000,0x00000000eab00000,0x00000000ecb80000)
  from space 5120K, 99% used [0x00000000ecb80000,0x00000000ed07fca8,0x00000000ed080000)
  to   space 5120K, 0% used [0x00000000ed080000,0x00000000ed080000,0x00000000ed580000)
 ParOldGen       total 87552K, used 1902K [0x00000000c0000000, 0x00000000c5580000, 0x00000000eab00000)
  object space 87552K, 2% used [0x00000000c0000000,0x00000000c01db810,0x00000000c5580000)
 Metaspace       used 5997K, capacity 6900K, committed 7040K, reserved 1056768K
  class space    used 593K, capacity 620K, committed 640K, reserved 1048576K
}
Event: 4.518 GC heap before
{Heap before GC invocations=2 (full 0):
 PSYoungGen      total 38400K, used 38399K [0x00000000eab00000, 0x00000000ed580000, 0x0000000100000000)
  eden space 33280K, 100% used [0x00000000eab00000,0x00000000ecb80000,0x00000000ecb80000)
  from space 5120K, 99% used [0x00000000ecb80000,0x00000000ed07fca8,0x00000000ed080000)
  to   space 5120K, 0% used [0x00000000ed080000,0x00000000ed080000,0x00000000ed580000)
 ParOldGen       total 87552K, used 1902K [0x00000000c0000000, 0x00000000c5580000, 0x00000000eab00000)
  object space 87552K, 2% used [0x00000000c0000000,0x00000000c01db810,0x00000000c5580000)
 Metaspace       used 6069K, capacity 6964K, committed 7040K, reserved 1056768K
  class space    used 593K, capacity 620K, committed 640K, reserved 1048576K
Event: 4.536 GC heap after
Heap after GC invocations=2 (full 0):
 PSYoungGen      total 38400K, used 5103K [0x00000000eab00000, 0x00000000ed580000, 0x0000000100000000)
  eden space 33280K, 0% used [0x00000000eab00000,0x00000000eab00000,0x00000000ecb80000)
  from space 5120K, 99% used [0x00000000ed080000,0x00000000ed57bc98,0x00000000ed580000)
  to   space 5120K, 0% used [0x00000000ecb80000,0x00000000ecb80000,0x00000000ed080000)
 ParOldGen       total 87552K, used 7970K [0x00000000c0000000, 0x00000000c5580000, 0x00000000eab00000)
  object space 87552K, 9% used [0x00000000c0000000,0x00000000c07c88b0,0x00000000c5580000)
 Metaspace       used 6069K, capacity 6964K, committed 7040K, reserved 1056768K
  class space    used 593K, capacity 620K, committed 640K, reserved 1048576K
}
Event: 5.787 GC heap before
{Heap before GC invocations=3 (full 0):
 PSYoungGen      total 38400K, used 38383K [0x00000000eab00000, 0x00000000ed580000, 0x0000000100000000)
  eden space 33280K, 100% used [0x00000000eab00000,0x00000000ecb80000,0x00000000ecb80000)
  from space 5120K, 99% used [0x00000000ed080000,0x00000000ed57bc98,0x00000000ed580000)
  to   space 5120K, 0% used [0x00000000ecb80000,0x00000000ecb80000,0x00000000ed080000)
 ParOldGen       total 87552K, used 7970K [0x00000000c0000000, 0x00000000c5580000, 0x00000000eab00000)
  object space 87552K, 9% used [0x00000000c0000000,0x00000000c07c88b0,0x00000000c5580000)
 Metaspace       used 6132K, capacity 7028K, committed 7296K, reserved 1056768K
  class space    used 593K, capacity 620K, committed 640K, reserved 1048576K
Event: 5.842 GC heap after
Heap after GC invocations=3 (full 0):
 PSYoungGen      total 38400K, used 5112K [0x00000000eab00000, 0x00000000ed580000, 0x0000000100000000)
  eden space 33280K, 0% used [0x00000000eab00000,0x00000000eab00000,0x00000000ecb80000)
  from space 5120K, 99% used [0x00000000ecb80000,0x00000000ed07e058,0x00000000ed080000)
  to   space 5120K, 0% used [0x00000000ed080000,0x00000000ed080000,0x00000000ed580000)
 ParOldGen       total 87552K, used 12156K [0x00000000c0000000, 0x00000000c5580000, 0x00000000eab00000)
  object space 87552K, 13% used [0x00000000c0000000,0x00000000c0bdf3d8,0x00000000c5580000)
 Metaspace       used 6132K, capacity 7028K, committed 7296K, reserved 1056768K
  class space    used 593K, capacity 620K, committed 640K, reserved 1048576K
}

Deoptimization events (10 events):
Event: 4.147 Thread 0x000000001863d800 Uncommon trap: reason=class_check action=maybe_recompile pc=0x0000000004cc3930 method=com.android.dx.ssa.NormalSsaInsn.accept(Lcom/android/dx/ssa/SsaInsn$Visitor;)V @ 9
Event: 4.234 Thread 0x0000000018633800 Uncommon trap: reason=unstable_if action=reinterpret pc=0x0000000004dd588c method=com.android.dx.ssa.SCCP.simulateStmt(Lcom/android/dx/ssa/SsaInsn;)V @ 53
Event: 4.275 Thread 0x000000001863c000 Uncommon trap: reason=bimorphic action=maybe_recompile pc=0x0000000004acadc0 method=java.util.HashMap.getNode(ILjava/lang/Object;)Ljava/util/HashMap$Node; @ 126
Event: 4.275 Thread 0x000000001863c000 Uncommon trap: reason=class_check action=maybe_recompile pc=0x0000000004d4d2d8 method=java.util.HashMap.putVal(ILjava/lang/Object;Ljava/lang/Object;ZZ)Ljava/lang/Object; @ 203
Event: 4.402 Thread 0x0000000018633800 Uncommon trap: reason=unstable_if action=reinterpret pc=0x0000000004e22f84 method=com.android.dx.ssa.SCCP.simulateBranch(Lcom/android/dx/ssa/SsaInsn;)V @ 548
Event: 4.546 Thread 0x000000000489e000 Uncommon trap: reason=class_check action=maybe_recompile pc=0x0000000004b197b0 method=com.android.dx.ssa.NormalSsaInsn.accept(Lcom/android/dx/ssa/SsaInsn$Visitor;)V @ 9
Event: 4.560 Thread 0x000000000489e000 Uncommon trap: reason=bimorphic action=maybe_recompile pc=0x0000000004af14e0 method=java.util.HashMap.getNode(ILjava/lang/Object;)Ljava/util/HashMap$Node; @ 126
Event: 4.560 Thread 0x000000000489e000 Uncommon trap: reason=bimorphic action=maybe_recompile pc=0x0000000004af14e0 method=java.util.HashMap.getNode(ILjava/lang/Object;)Ljava/util/HashMap$Node; @ 126
Event: 5.490 Thread 0x000000001863d800 Uncommon trap: reason=bimorphic action=maybe_recompile pc=0x0000000004af14e0 method=java.util.HashMap.getNode(ILjava/lang/Object;)Ljava/util/HashMap$Node; @ 126
Event: 5.490 Thread 0x000000001863d800 Uncommon trap: reason=bimorphic action=maybe_recompile pc=0x0000000004acadc0 method=java.util.HashMap.getNode(ILjava/lang/Object;)Ljava/util/HashMap$Node; @ 126

Internal exceptions (3 events):
Event: 1.198 Thread 0x000000000489e000 Exception <a 'java/lang/NoSuchMethodError': Method sun.misc.Unsafe.defineClass(Ljava/lang/String;[BII)Ljava/lang/Class; name or signature does not match> (0x00000000eab07ca8) thrown at [C:\re\workspace\8-2-build-windows-amd64-cygwin\jdk8u151\9699\hotspot\
Event: 1.198 Thread 0x000000000489e000 Exception <a 'java/lang/NoSuchMethodError': Method sun.misc.Unsafe.prefetchRead(Ljava/lang/Object;J)V name or signature does not match> (0x00000000eab07f90) thrown at [C:\re\workspace\8-2-build-windows-amd64-cygwin\jdk8u151\9699\hotspot\src\share\vm\prims
Event: 4.095 Thread 0x0000000018633800 Implicit null exception at 0x0000000004b96de2 to 0x0000000004b96ed2

Events (10 events):
Event: 5.843 Thread 0x000000000489e000 DEOPT PACKING pc=0x0000000004bdf769 sp=0x000000000432e100
Event: 5.843 Thread 0x000000000489e000 DEOPT UNPACKING pc=0x00000000048e787f sp=0x000000000432de28 mode 0
Event: 5.844 Thread 0x000000000489e000 DEOPT PACKING pc=0x0000000004bdf769 sp=0x000000000432dfe0
Event: 5.844 Thread 0x000000000489e000 DEOPT UNPACKING pc=0x00000000048e787f sp=0x000000000432dd08 mode 0
Event: 5.855 Thread 0x000000000489e000 DEOPT PACKING pc=0x0000000004bdf769 sp=0x000000000432e100
Event: 5.855 Thread 0x000000000489e000 DEOPT UNPACKING pc=0x00000000048e787f sp=0x000000000432de28 mode 0
Event: 5.856 Thread 0x000000000489e000 DEOPT PACKING pc=0x0000000004bdf769 sp=0x000000000432dfe0
Event: 5.856 Thread 0x000000000489e000 DEOPT UNPACKING pc=0x00000000048e787f sp=0x000000000432dd08 mode 0
Event: 5.863 Thread 0x000000000489e000 DEOPT PACKING pc=0x0000000004bdf769 sp=0x000000000432dfe0
Event: 5.863 Thread 0x000000000489e000 DEOPT UNPACKING pc=0x00000000048e787f sp=0x000000000432dd08 mode 0


Dynamic libraries:
0x00007ff7381d0000 - 0x00007ff738207000 	C:\Program Files\Java\jdk1.8.0_151\bin\java.exe
0x00007fffde100000 - 0x00007fffde2e0000 	C:\WINDOWS\SYSTEM32\ntdll.dll
0x00007fffdb800000 - 0x00007fffdb8ae000 	C:\WINDOWS\System32\KERNEL32.DLL
0x00007fffdb1f0000 - 0x00007fffdb456000 	C:\WINDOWS\System32\KERNELBASE.dll
0x00007fffdbd10000 - 0x00007fffdbdb1000 	C:\WINDOWS\System32\ADVAPI32.dll
0x00007fffdbf10000 - 0x00007fffdbfad000 	C:\WINDOWS\System32\msvcrt.dll
0x00007fffdc490000 - 0x00007fffdc4eb000 	C:\WINDOWS\System32\sechost.dll
0x00007fffdb5d0000 - 0x00007fffdb6ef000 	C:\WINDOWS\System32\RPCRT4.dll
0x00007fffdc6c0000 - 0x00007fffdc84f000 	C:\WINDOWS\System32\USER32.dll
0x00007fffdb5b0000 - 0x00007fffdb5d0000 	C:\WINDOWS\System32\win32u.dll
0x00007fffdb8b0000 - 0x00007fffdb8d8000 	C:\WINDOWS\System32\GDI32.dll
0x00007fffda800000 - 0x00007fffda993000 	C:\WINDOWS\System32\gdi32full.dll
0x00007fffdb460000 - 0x00007fffdb4fb000 	C:\WINDOWS\System32\msvcp_win.dll
0x00007fffda9a0000 - 0x00007fffdaa96000 	C:\WINDOWS\System32\ucrtbase.dll
0x00007fffce3d0000 - 0x00007fffce639000 	C:\WINDOWS\WinSxS\amd64_microsoft.windows.common-controls_6595b64144ccf1df_6.0.16299.309_none_15cfd4c4935e6b11\COMCTL32.dll
0x00007fffdb980000 - 0x00007fffdbc88000 	C:\WINDOWS\System32\combase.dll
0x00007fffda500000 - 0x00007fffda572000 	C:\WINDOWS\System32\bcryptPrimitives.dll
0x00007fffdc460000 - 0x00007fffdc48d000 	C:\WINDOWS\System32\IMM32.DLL
0x00000000517d0000 - 0x00000000518a2000 	C:\Program Files\Java\jdk1.8.0_151\jre\bin\msvcr100.dll
0x0000000076ec0000 - 0x000000007775d000 	C:\Program Files\Java\jdk1.8.0_151\jre\bin\server\jvm.dll
0x00007fffdde40000 - 0x00007fffdde48000 	C:\WINDOWS\System32\PSAPI.DLL
0x00007fffc9b10000 - 0x00007fffc9b19000 	C:\WINDOWS\SYSTEM32\WSOCK32.dll
0x00007fffdde50000 - 0x00007fffddebc000 	C:\WINDOWS\System32\WS2_32.dll
0x00007fffd82e0000 - 0x00007fffd8303000 	C:\WINDOWS\SYSTEM32\WINMM.dll
0x00007fffd9100000 - 0x00007fffd910a000 	C:\WINDOWS\SYSTEM32\VERSION.dll
0x00007fffd8130000 - 0x00007fffd815a000 	C:\WINDOWS\SYSTEM32\WINMMBASE.dll
0x00007fffda5e0000 - 0x00007fffda62a000 	C:\WINDOWS\System32\cfgmgr32.dll
0x00000000517c0000 - 0x00000000517cf000 	C:\Program Files\Java\jdk1.8.0_151\jre\bin\verify.dll
0x0000000051790000 - 0x00000000517b9000 	C:\Program Files\Java\jdk1.8.0_151\jre\bin\java.dll
0x0000000051770000 - 0x0000000051786000 	C:\Program Files\Java\jdk1.8.0_151\jre\bin\zip.dll
0x00007fffdc850000 - 0x00007fffddc86000 	C:\WINDOWS\System32\SHELL32.dll
0x00007fffddec0000 - 0x00007fffddf66000 	C:\WINDOWS\System32\shcore.dll
0x00007fffdaaa0000 - 0x00007fffdb1e7000 	C:\WINDOWS\System32\windows.storage.dll
0x00007fffdc4f0000 - 0x00007fffdc541000 	C:\WINDOWS\System32\shlwapi.dll
0x00007fffda470000 - 0x00007fffda481000 	C:\WINDOWS\System32\kernel.appcore.dll
0x00007fffda490000 - 0x00007fffda4dc000 	C:\WINDOWS\System32\powrprof.dll
0x00007fffda4e0000 - 0x00007fffda4fb000 	C:\WINDOWS\System32\profapi.dll

VM Arguments:
jvm_args: -Djava.awt.headless=true -Xmx1024M -Dfile.encoding=GBK -Duser.country=CN -Duser.language=zh -Duser.variant 
java_command: com.android.dx.command.Main --dex --num-threads=4 --output E:\code\ReactNative\PeanutCity\PeanutCity\android\app\build\intermediates\pre-dexed\debug\libammsdk_aaf775d613ca66cd5e1dbadd73a39da423f74ab1.jar E:\code\ReactNative\PeanutCity\PeanutCity\android\app\build\intermediates\exploded-aar\PeanutCity\RCTWeChat\unspecified\jars\libs\libammsdk.jar
java_class_path (initial): C:\Users\Administrator\AppData\Local\Android\sdk1\build-tools\23.0.1\lib\dx.jar
Launcher Type: SUN_STANDARD

Environment Variables:
CLASSPATH=E:\code\ReactNative\PeanutCity\PeanutCity\android\\gradle\wrapper\gradle-wrapper.jar
PATH=C:\Ruby24-x64\bin;C:\ProgramData\Oracle\Java\javapath;C:\windows\system32;C:\windows;C:\windows\System32\Wbem;C:\windows\System32\WindowsPowerShell\v1.0\;C:\Program Files (x86)\NVIDIA Corporation\PhysX\Common;C:\Users\Administrator\AppData\Local\Android\sdk\platform-tools;C:\Users\Administrator\AppData\Local\Android\sdk\tools;C:\WINDOWS\system32;C:\WINDOWS;C:\WINDOWS\System32\Wbem;C:\WINDOWS\System32\WindowsPowerShell\v1.0\;C:\Program Files (x86)\Yarn\bin;C:\Program Files\Git\cmd;C:\Program Files\nodejs\;C:\Users\Administrator\AppData\Local\Android\sdk1\tools;C:\Users\Administrator\AppData\Local\Android\sdk1\platform-tools;"C:\Program Files\Java\jdk1.8.0_162\bin;";C:\Users\Administrator\AppData\Roaming\npm;C:\Users\Administrator\AppData\Local\Programs\EmEditor
USERNAME=Administrator
OS=Windows_NT
PROCESSOR_IDENTIFIER=Intel64 Family 6 Model 58 Stepping 9, GenuineIntel



---------------  S Y S T E M  ---------------

OS: Windows 10.0 , 64 bit Build 16299 (10.0.16299.15)

CPU:total 4 (initial active 4) (2 cores per cpu, 2 threads per core) family 6 model 58 stepping 9, cmov, cx8, fxsr, mmx, sse, sse2, sse3, ssse3, sse4.1, sse4.2, popcnt, avx, aes, clmul, erms, ht, tsc, tscinvbit, tscinv

Memory: 4k page, physical 8271252k(590600k free), swap 13448596k(5140k free)

vm_info: Java HotSpot(TM) 64-Bit Server VM (25.151-b12) for windows-amd64 JRE (1.8.0_151-b12), built on Sep  5 2017 19:33:46 by "java_re" with MS VC++ 10.0 (VS2010)

time: Mon Mar 26 16:13:21 2018
elapsed time: 5 seconds (0d 0h 0m 5s)

