#
# There is insufficient memory for the Java Runtime Environment to continue.
# Native memory allocation (malloc) failed to allocate 32744 bytes for ChunkPool::allocate
# Possible reasons:
#   The system is out of physical RAM or swap space
#   In 32 bit mode, the process size limit was hit
# Possible solutions:
#   Reduce memory load on the system
#   Increase physical memory or swap space
#   Check if swap backing store is full
#   Use 64 bit Java on a 64 bit OS
#   Decrease Java heap size (-Xmx/-Xms)
#   Decrease number of Java threads
#   Decrease Java thread stack sizes (-Xss)
#   Set larger code cache with -XX:ReservedCodeCacheSize=
# This output file may be truncated or incomplete.
#
#  Out of Memory Error (allocation.cpp:273), pid=8660, tid=0x0000000000000604
#
# JRE version: Java(TM) SE Runtime Environment (8.0_151-b12) (build 1.8.0_151-b12)
# Java VM: Java HotSpot(TM) 64-Bit Server VM (25.151-b12 mixed mode windows-amd64 compressed oops)
# Failed to write core dump. Minidumps are not enabled by default on client versions of Windows
#

---------------  T H R E A D  ---------------

Current thread (0x0000000018dc4800):  JavaThread "C1 CompilerThread2" daemon [_thread_in_native, id=1540, stack(0x0000000019560000,0x0000000019660000)]

Stack: [0x0000000019560000,0x0000000019660000]
[error occurred during error reporting (printing stack bounds), id 0xc0000005]

Native frames: (J=compiled Java code, j=interpreted, Vv=VM code, C=native code)


Current CompileTask:
C1:   5045  309   !   3       com.android.dx.cf.code.BytecodeArray::parseInstruction (2764 bytes)


---------------  P R O C E S S  ---------------

Java Threads: ( => current thread )
  0x0000000018fe5000 JavaThread "pool-1-thread-4" [_thread_new, id=3764, stack(0x0000000000000000,0x0000000000000000)]
  0x0000000018fe4000 JavaThread "pool-1-thread-3" [_thread_new, id=11168, stack(0x0000000000000000,0x0000000000000000)]
  0x0000000018fe3800 JavaThread "pool-1-thread-2" [_thread_new, id=5284, stack(0x0000000000000000,0x0000000000000000)]
  0x0000000018fe2000 JavaThread "pool-2-thread-1" [_thread_in_vm, id=2960, stack(0x0000000019960000,0x0000000019a60000)]
  0x0000000018fdf800 JavaThread "pool-1-thread-1" [_thread_in_Java, id=11608, stack(0x0000000019860000,0x0000000019960000)]
  0x0000000018dca800 JavaThread "Service Thread" daemon [_thread_blocked, id=12772, stack(0x0000000019660000,0x0000000019760000)]
=>0x0000000018dc4800 JavaThread "C1 CompilerThread2" daemon [_thread_in_native, id=1540, stack(0x0000000019560000,0x0000000019660000)]
  0x0000000017966000 JavaThread "C2 CompilerThread1" daemon [_thread_blocked, id=11336, stack(0x0000000019460000,0x0000000019560000)]
  0x0000000017963800 JavaThread "C2 CompilerThread0" daemon [_thread_blocked, id=700, stack(0x0000000019360000,0x0000000019460000)]
  0x0000000017962800 JavaThread "Attach Listener" daemon [_thread_blocked, id=9068, stack(0x0000000019260000,0x0000000019360000)]
  0x000000001791e800 JavaThread "Signal Dispatcher" daemon [_thread_blocked, id=12236, stack(0x0000000019160000,0x0000000019260000)]
  0x00000000178fa000 JavaThread "Finalizer" daemon [_thread_blocked, id=9080, stack(0x0000000018b60000,0x0000000018c60000)]
  0x00000000178d9000 JavaThread "Reference Handler" daemon [_thread_blocked, id=7916, stack(0x0000000018a60000,0x0000000018b60000)]
  0x000000000513e000 JavaThread "main" [_thread_in_Java, id=3500, stack(0x0000000004fc0000,0x00000000050c0000)]

Other Threads:
  0x00000000178d7000 VMThread [stack: 0x0000000018960000,0x0000000018a60000] [id=3336]
  0x0000000018e15000 WatcherThread [stack: 0x0000000019760000,0x0000000019860000] [id=11436]

VM state:not at safepoint (normal execution)

VM Mutex/Monitor currently owned by a thread: None

Heap:
 PSYoungGen      total 38400K, used 7989K [0x00000000eab00000, 0x00000000ed580000, 0x0000000100000000)
  eden space 33280K, 24% used [0x00000000eab00000,0x00000000eb2cd440,0x00000000ecb80000)
  from space 5120K, 0% used [0x00000000ed080000,0x00000000ed080000,0x00000000ed580000)
  to   space 5120K, 0% used [0x00000000ecb80000,0x00000000ecb80000,0x00000000ed080000)
 ParOldGen       total 87552K, used 0K [0x00000000c0000000, 0x00000000c5580000, 0x00000000eab00000)
  object space 87552K, 0% used [0x00000000c0000000,0x00000000c0000000,0x00000000c5580000)
 Metaspace       used 4961K, capacity 5912K, committed 6016K, reserved 1056768K
  class space    used 546K, capacity 592K, committed 640K, reserved 1048576K

Card table byte_map: [0x0000000014600000,0x0000000014810000] byte_map_base: 0x0000000014000000

Marking Bits: (ParMarkBitMap*) 0x00000000776dd850
 Begin Bits: [0x0000000014d70000, 0x0000000015d70000)
 End Bits:   [0x0000000015d70000, 0x0000000016d70000)

Polling page: 0x00000000033a0000

CodeCache: size=245760Kb used=1840Kb max_used=1852Kb free=243919Kb
 bounds [0x0000000005240000, 0x00000000054b0000, 0x0000000014240000]
 total_blobs=579 nmethods=312 adapters=180
 compilation: enabled

Compilation events (10 events):
Event: 5.023 Thread 0x0000000017966000  312       4       java.util.ArrayList::get (11 bytes)
Event: 5.024 Thread 0x0000000018dc4800 nmethod 308 0x000000000540be10 code [0x000000000540bfa0, 0x000000000540c318]
Event: 5.024 Thread 0x0000000018dc4800  309   !   3       com.android.dx.cf.code.BytecodeArray::parseInstruction (2764 bytes)
Event: 5.024 Thread 0x0000000017966000 nmethod 312 0x000000000540f210 code [0x000000000540f340, 0x000000000540f3f8]
Event: 5.030 Thread 0x0000000017963800  321       4       java.lang.String::<init> (82 bytes)
Event: 5.033 Thread 0x0000000017966000  327       4       com.android.dx.rop.type.Type::getCategory (36 bytes)
Event: 5.034 Thread 0x0000000017966000 nmethod 327 0x000000000540f510 code [0x000000000540f640, 0x000000000540f6b8]
Event: 5.034 Thread 0x0000000017966000  330       4       com.android.dx.util.MutabilityControl::throwIfImmutable (18 bytes)
Event: 5.034 Thread 0x0000000017966000 nmethod 330 0x000000000540f710 code [0x000000000540f840, 0x000000000540f8b8]
Event: 5.035 Thread 0x0000000017963800 nmethod 321 0x000000000540d690 code [0x000000000540d7e0, 0x000000000540dad8]

GC Heap History (0 events):
No events

Deoptimization events (0 events):
No events

Internal exceptions (2 events):
Event: 1.237 Thread 0x000000000513e000 Exception <a 'java/lang/NoSuchMethodError': Method sun.misc.Unsafe.defineClass(Ljava/lang/String;[BII)Ljava/lang/Class; name or signature does not match> (0x00000000eab07ca8) thrown at [C:\re\workspace\8-2-build-windows-amd64-cygwin\jdk8u151\9699\hotspot\
Event: 1.237 Thread 0x000000000513e000 Exception <a 'java/lang/NoSuchMethodError': Method sun.misc.Unsafe.prefetchRead(Ljava/lang/Object;J)V name or signature does not match> (0x00000000eab07f90) thrown at [C:\re\workspace\8-2-build-windows-amd64-cygwin\jdk8u151\9699\hotspot\src\share\vm\prims

Events (10 events):
Event: 5.038 loading class com/android/dx/util/IntSet
Event: 5.038 loading class com/android/dx/util/IntSet done
Event: 5.039 loading class com/android/dx/util/BitIntSet
Event: 5.039 loading class com/android/dx/util/BitIntSet done
Event: 5.039 loading class com/android/dx/util/IntIterator
Event: 5.039 loading class com/android/dx/util/IntIterator done
Event: 5.040 loading class com/android/dx/util/BitIntSet$1
Event: 5.040 loading class com/android/dx/util/BitIntSet$1 done
Event: 5.041 loading class com/android/dx/ssa/PhiInsn
Event: 5.041 loading class com/android/dx/ssa/PhiInsn done


Dynamic libraries:
0x00007ff7381d0000 - 0x00007ff738207000 	C:\Program Files\Java\jdk1.8.0_151\bin\java.exe
0x00007fffde100000 - 0x00007fffde2e0000 	C:\WINDOWS\SYSTEM32\ntdll.dll
0x00007fffdb800000 - 0x00007fffdb8ae000 	C:\WINDOWS\System32\KERNEL32.DLL
0x00007fffdb1f0000 - 0x00007fffdb456000 	C:\WINDOWS\System32\KERNELBASE.dll
0x00007fffdbd10000 - 0x00007fffdbdb1000 	C:\WINDOWS\System32\ADVAPI32.dll
0x00007fffdbf10000 - 0x00007fffdbfad000 	C:\WINDOWS\System32\msvcrt.dll
0x00007fffdc490000 - 0x00007fffdc4eb000 	C:\WINDOWS\System32\sechost.dll
0x00007fffdb5d0000 - 0x00007fffdb6ef000 	C:\WINDOWS\System32\RPCRT4.dll
0x00007fffdc6c0000 - 0x00007fffdc84f000 	C:\WINDOWS\System32\USER32.dll
0x00007fffdb5b0000 - 0x00007fffdb5d0000 	C:\WINDOWS\System32\win32u.dll
0x00007fffdb8b0000 - 0x00007fffdb8d8000 	C:\WINDOWS\System32\GDI32.dll
0x00007fffda800000 - 0x00007fffda993000 	C:\WINDOWS\System32\gdi32full.dll
0x00007fffdb460000 - 0x00007fffdb4fb000 	C:\WINDOWS\System32\msvcp_win.dll
0x00007fffda9a0000 - 0x00007fffdaa96000 	C:\WINDOWS\System32\ucrtbase.dll
0x00007fffce3d0000 - 0x00007fffce639000 	C:\WINDOWS\WinSxS\amd64_microsoft.windows.common-controls_6595b64144ccf1df_6.0.16299.309_none_15cfd4c4935e6b11\COMCTL32.dll
0x00007fffdb980000 - 0x00007fffdbc88000 	C:\WINDOWS\System32\combase.dll
0x00007fffda500000 - 0x00007fffda572000 	C:\WINDOWS\System32\bcryptPrimitives.dll
0x00007fffdc460000 - 0x00007fffdc48d000 	C:\WINDOWS\System32\IMM32.DLL
0x00000000517d0000 - 0x00000000518a2000 	C:\Program Files\Java\jdk1.8.0_151\jre\bin\msvcr100.dll
0x0000000076ec0000 - 0x000000007775d000 	C:\Program Files\Java\jdk1.8.0_151\jre\bin\server\jvm.dll
0x00007fffdde40000 - 0x00007fffdde48000 	C:\WINDOWS\System32\PSAPI.DLL
0x00007fffc9b10000 - 0x00007fffc9b19000 	C:\WINDOWS\SYSTEM32\WSOCK32.dll
0x00007fffdde50000 - 0x00007fffddebc000 	C:\WINDOWS\System32\WS2_32.dll
0x00007fffd82e0000 - 0x00007fffd8303000 	C:\WINDOWS\SYSTEM32\WINMM.dll
0x00007fffd9100000 - 0x00007fffd910a000 	C:\WINDOWS\SYSTEM32\VERSION.dll
0x00007fffd8130000 - 0x00007fffd815a000 	C:\WINDOWS\SYSTEM32\WINMMBASE.dll
0x00007fffda5e0000 - 0x00007fffda62a000 	C:\WINDOWS\System32\cfgmgr32.dll
0x00000000517c0000 - 0x00000000517cf000 	C:\Program Files\Java\jdk1.8.0_151\jre\bin\verify.dll
0x0000000051790000 - 0x00000000517b9000 	C:\Program Files\Java\jdk1.8.0_151\jre\bin\java.dll
0x0000000051770000 - 0x0000000051786000 	C:\Program Files\Java\jdk1.8.0_151\jre\bin\zip.dll
0x00007fffdc850000 - 0x00007fffddc86000 	C:\WINDOWS\System32\SHELL32.dll
0x00007fffddec0000 - 0x00007fffddf66000 	C:\WINDOWS\System32\shcore.dll
0x00007fffdaaa0000 - 0x00007fffdb1e7000 	C:\WINDOWS\System32\windows.storage.dll
0x00007fffdc4f0000 - 0x00007fffdc541000 	C:\WINDOWS\System32\shlwapi.dll
0x00007fffda470000 - 0x00007fffda481000 	C:\WINDOWS\System32\kernel.appcore.dll
0x00007fffda490000 - 0x00007fffda4dc000 	C:\WINDOWS\System32\powrprof.dll
0x00007fffda4e0000 - 0x00007fffda4fb000 	C:\WINDOWS\System32\profapi.dll

VM Arguments:
jvm_args: -Djava.awt.headless=true -Xmx1024M -Dfile.encoding=GBK -Duser.country=CN -Duser.language=zh -Duser.variant 
java_command: com.android.dx.command.Main --dex --num-threads=4 --output E:\code\ReactNative\PeanutCity\PeanutCity\android\app\build\intermediates\pre-dexed\debug\okhttp-3.6.0_1efc6a5eb9346389ba0de2f5ee10a5fa311da347.jar C:\Users\Administrator\.gradle\caches\modules-2\files-2.1\com.squareup.okhttp3\okhttp\3.6.0\69edde9fc4b01c9fd51d25b83428837478c27254\okhttp-3.6.0.jar
java_class_path (initial): C:\Users\Administrator\AppData\Local\Android\sdk1\build-tools\23.0.1\lib\dx.jar
Launcher Type: SUN_STANDARD

Environment Variables:
CLASSPATH=E:\code\ReactNative\PeanutCity\PeanutCity\android\\gradle\wrapper\gradle-wrapper.jar
PATH=C:\Ruby24-x64\bin;C:\ProgramData\Oracle\Java\javapath;C:\windows\system32;C:\windows;C:\windows\System32\Wbem;C:\windows\System32\WindowsPowerShell\v1.0\;C:\Program Files (x86)\NVIDIA Corporation\PhysX\Common;C:\Users\Administrator\AppData\Local\Android\sdk\platform-tools;C:\Users\Administrator\AppData\Local\Android\sdk\tools;C:\WINDOWS\system32;C:\WINDOWS;C:\WINDOWS\System32\Wbem;C:\WINDOWS\System32\WindowsPowerShell\v1.0\;C:\Program Files (x86)\Yarn\bin;C:\Program Files\Git\cmd;C:\Program Files\nodejs\;C:\Users\Administrator\AppData\Local\Android\sdk1\tools;C:\Users\Administrator\AppData\Local\Android\sdk1\platform-tools;"C:\Program Files\Java\jdk1.8.0_162\bin;";C:\Users\Administrator\AppData\Roaming\npm;C:\Users\Administrator\AppData\Local\Programs\EmEditor
USERNAME=Administrator
OS=Windows_NT
PROCESSOR_IDENTIFIER=Intel64 Family 6 Model 58 Stepping 9, GenuineIntel



---------------  S Y S T E M  ---------------

OS: Windows 10.0 , 64 bit Build 16299 (10.0.16299.15)

CPU:total 4 (initial active 4) (2 cores per cpu, 2 threads per core) family 6 model 58 stepping 9, cmov, cx8, fxsr, mmx, sse, sse2, sse3, ssse3, sse4.1, sse4.2, popcnt, avx, aes, clmul, erms, ht, tsc, tscinvbit, tscinv

Memory: 4k page, physical 8271252k(589904k free), swap 13448596k(3404k free)

vm_info: Java HotSpot(TM) 64-Bit Server VM (25.151-b12) for windows-amd64 JRE (1.8.0_151-b12), built on Sep  5 2017 19:33:46 by "java_re" with MS VC++ 10.0 (VS2010)

time: Mon Mar 26 16:13:21 2018
elapsed time: 5 seconds (0d 0h 0m 5s)

